D:\SERGEY\C\QR_CODE - копия\DEBUG\QR_CODE_GEN.EXE
D:\SERGEY\C\QR_CODE - копия\DEBUG\QR_CODE_GEN.ILK
D:\SERGEY\C\QR_CODE - КОПИЯ\DEBUG\QR_CODE_GEN.PDB
D:\SERGEY\C\QR_CODE - копия\QR_CODE_GEN\DEBUG\CODE.OBJ
D:\SERGEY\C\QR_CODE - копия\QR_CODE_GEN\DEBUG\IMAGE.OBJ
D:\SERGEY\C\QR_CODE - копия\QR_CODE_GEN\DEBUG\MAIN.OBJ
D:\SERGEY\C\QR_CODE - копия\QR_CODE_GEN\DEBUG\QR_CODE_GEN.EXE.INTERMEDIATE.MANIFEST
D:\SERGEY\C\QR_CODE - копия\QR_CODE_GEN\DEBUG\QR_TABLE.OBJ
D:\SERGEY\C\QR_CODE - КОПИЯ\QR_CODE_GEN\DEBUG\VC100.PDB
D:\Sergey\C\qr_code\Debug\qr_code_gen.exe
D:\Sergey\C\qr_code\Debug\qr_code_gen.ilk
D:\Sergey\C\qr_code\Debug\qr_code_gen.pdb
D:\Sergey\C\qr_code\qr_code_gen\Debug\cl.command.1.tlog
D:\Sergey\C\qr_code\qr_code_gen\Debug\CL.read.1.tlog
D:\Sergey\C\qr_code\qr_code_gen\Debug\CL.write.1.tlog
D:\Sergey\C\qr_code\qr_code_gen\Debug\code.obj
D:\Sergey\C\qr_code\qr_code_gen\Debug\image.obj
D:\Sergey\C\qr_code\qr_code_gen\Debug\link.command.1.tlog
D:\Sergey\C\qr_code\qr_code_gen\Debug\link.read.1.tlog
D:\Sergey\C\qr_code\qr_code_gen\Debug\link.write.1.tlog
D:\Sergey\C\qr_code\qr_code_gen\Debug\main.obj
D:\Sergey\C\qr_code\qr_code_gen\Debug\mt.command.1.tlog
D:\Sergey\C\qr_code\qr_code_gen\Debug\mt.read.1.tlog
D:\Sergey\C\qr_code\qr_code_gen\Debug\mt.write.1.tlog
D:\Sergey\C\qr_code\qr_code_gen\Debug\qr_code_gen.exe.intermediate.manifest
D:\Sergey\C\qr_code\qr_code_gen\Debug\qr_table.obj
D:\Sergey\C\qr_code\qr_code_gen\Debug\vc100.idb
D:\Sergey\C\qr_code\qr_code_gen\Debug\vc100.pdb
