Build started 21.01.2014 20:55:14.
     1>Project "D:\Sergey\C\qr_code\qr_code_gen\qr_code_gen.vcxproj" on node 2 (rebuild target(s)).
     1>_PrepareForClean:
         Deleting file "Release\qr_code_gen.lastbuildstate".
       InitializeBuildStatus:
         Creating "Release\qr_code_gen.unsuccessfulbuild" because "AlwaysCreate" was specified.
       ClCompile:
         C:\Program Files (x86)\Microsoft Visual Studio 10.0\VC\bin\CL.exe /c /Zi /nologo /W3 /WX- /O2 /Oi /Oy- /GL /D _MBCS /Gm- /EHsc /MD /GS /Gy /fp:precise /Zc:wchar_t /Zc:forScope /Fo"Release\\" /Fd"Release\vc100.pdb" /Gd /TC /analyze- /errorReport:prompt code.c image.c main.c qr_table.c
         code.c
     1>code.c(42): warning C4018: '<' : signed/unsigned mismatch
     1>code.c(90): warning C4018: '>' : signed/unsigned mismatch
         image.c
         main.c
         qr_table.c
       Link:
         C:\Program Files (x86)\Microsoft Visual Studio 10.0\VC\bin\link.exe /ERRORREPORT:PROMPT /OUT:"D:\Sergey\C\qr_code\Release\qr_code_gen.exe" /NOLOGO kernel32.lib user32.lib gdi32.lib winspool.lib comdlg32.lib advapi32.lib shell32.lib ole32.lib oleaut32.lib uuid.lib odbc32.lib odbccp32.lib /MANIFEST /ManifestFile:"Release\qr_code_gen.exe.intermediate.manifest" /MANIFESTUAC:"level='asInvoker' uiAccess='false'" /DEBUG /PDB:"D:\Sergey\C\qr_code\Release\qr_code_gen.pdb" /OPT:REF /OPT:ICF /LTCG /TLBID:1 /DYNAMICBASE /NXCOMPAT /IMPLIB:"D:\Sergey\C\qr_code\Release\qr_code_gen.lib" /MACHINE:X86 Release\code.obj
         Release\image.obj
         Release\main.obj
         Release\qr_table.obj
         Generating code
         Finished generating code
         qr_code_gen.vcxproj -> D:\Sergey\C\qr_code\Release\qr_code_gen.exe
       Manifest:
         C:\Program Files (x86)\Microsoft SDKs\Windows\v7.0A\bin\mt.exe /nologo /verbose /outputresource:"D:\Sergey\C\qr_code\Release\qr_code_gen.exe;#1" /manifest Release\qr_code_gen.exe.intermediate.manifest
       FinalizeBuildStatus:
         Deleting file "Release\qr_code_gen.unsuccessfulbuild".
         Touching "Release\qr_code_gen.lastbuildstate".
     1>Done Building Project "D:\Sergey\C\qr_code\qr_code_gen\qr_code_gen.vcxproj" (rebuild target(s)).

Build succeeded.

Time Elapsed 00:00:00.66
